<?xml version="1.0" encoding="UTF-8" ?>
<testsuite tests="9" failures="0" name="runner.TestRunner" time="0.466" errors="9" skipped="0">
  <properties>
    <property name="idea.version" value="2021.1.3"/>
    <property name="java.runtime.name" value="Java(TM) SE Runtime Environment"/>
    <property name="java.vm.version" value="11.0.11+9-LTS-194"/>
    <property name="sun.boot.library.path" value="C:\Program Files\Java\jdk-11.0.11\bin"/>
    <property name="maven.multiModuleProjectDirectory" value="C:\Users\Gebruiker\IdeaProjects\SeleniumCourse"/>
    <property name="java.vm.vendor" value="Oracle Corporation"/>
    <property name="java.vendor.url" value="https://openjdk.java.net/"/>
    <property name="guice.disable.misplaced.annotation.check" value="true"/>
    <property name="path.separator" value=";"/>
    <property name="java.vm.name" value="Java HotSpot(TM) 64-Bit Server VM"/>
    <property name="sun.os.patch.level" value=""/>
    <property name="user.script" value=""/>
    <property name="user.country" value="US"/>
    <property name="sun.java.launcher" value="SUN_STANDARD"/>
    <property name="java.vm.specification.name" value="Java Virtual Machine Specification"/>
    <property name="user.dir" value="C:\Users\Gebruiker\IdeaProjects\SeleniumCourse"/>
    <property name="java.vm.compressedOopsMode" value="32-bit"/>
    <property name="java.runtime.version" value="11.0.11+9-LTS-194"/>
    <property name="java.awt.graphicsenv" value="sun.awt.Win32GraphicsEnvironment"/>
    <property name="os.arch" value="amd64"/>
    <property name="java.io.tmpdir" value="C:\Users\GEBRUI~1\AppData\Local\Temp\"/>
    <property name="line.separator" value="
"/>
    <property name="java.vm.specification.vendor" value="Oracle Corporation"/>
    <property name="user.variant" value=""/>
    <property name="os.name" value="Windows 10"/>
    <property name="maven.ext.class.path" value="C:\Program Files\JetBrains\IntelliJ IDEA Community Edition 2021.1.2\plugins\maven\lib\maven-event-listener.jar"/>
    <property name="classworlds.conf" value="C:\Program Files\JetBrains\IntelliJ IDEA Community Edition 2021.1.2\plugins\maven\lib\maven3\bin\m2.conf"/>
    <property name="sun.jnu.encoding" value="Cp1252"/>
    <property name="java.library.path" value="C:\Program Files\Java\jdk-11.0.11\bin;C:\WINDOWS\Sun\Java\bin;C:\WINDOWS\system32;C:\WINDOWS;C:\Program Files\Common Files\Oracle\Java\javapath;C:\Program Files (x86)\NVIDIA Corporation\PhysX\Common;C:\WINDOWS\system32;C:\WINDOWS;C:\WINDOWS\System32\Wbem;C:\WINDOWS\System32\WindowsPowerShell\v1.0\;C:\Program Files\dotnet\;C:\WINDOWS\System32\OpenSSH\;C:\Program Files\Git\cmd;C:\Program Files\Java\jdk-11.0.11\bin;C:\Program Files\apache-maven-3.8.1\bin;C:\Users\Gebruiker\AppData\Local\Microsoft\WindowsApps;C:\Users\Gebruiker\AppData\Local\Microsoft\WindowsApps;C:\Users\Gebruiker\.dotnet\tools;."/>
    <property name="maven.conf" value="C:\Program Files\JetBrains\IntelliJ IDEA Community Edition 2021.1.2\plugins\maven\lib\maven3/conf"/>
    <property name="jdk.debug" value="release"/>
    <property name="java.class.version" value="55.0"/>
    <property name="java.specification.name" value="Java Platform API Specification"/>
    <property name="sun.management.compiler" value="HotSpot 64-Bit Tiered Compilers"/>
    <property name="os.version" value="10.0"/>
    <property name="user.home" value="C:\Users\Gebruiker"/>
    <property name="user.timezone" value="Europe/Berlin"/>
    <property name="java.awt.printerjob" value="sun.awt.windows.WPrinterJob"/>
    <property name="file.encoding" value="UTF-8"/>
    <property name="java.specification.version" value="11"/>
    <property name="user.name" value="Gebruiker"/>
    <property name="java.class.path" value="C:\Program Files\JetBrains\IntelliJ IDEA Community Edition 2021.1.2\plugins\maven\lib\maven3\boot\plexus-classworlds-2.6.0.jar;C:\Program Files\JetBrains\IntelliJ IDEA Community Edition 2021.1.2\plugins\maven\lib\maven3\boot\plexus-classworlds.license"/>
    <property name="java.vm.specification.version" value="11"/>
    <property name="sun.arch.data.model" value="64"/>
    <property name="sun.java.command" value="org.codehaus.classworlds.Launcher -Didea.version=2021.1.3 test"/>
    <property name="java.home" value="C:\Program Files\Java\jdk-11.0.11"/>
    <property name="user.language" value="en"/>
    <property name="java.specification.vendor" value="Oracle Corporation"/>
    <property name="awt.toolkit" value="sun.awt.windows.WToolkit"/>
    <property name="java.vm.info" value="mixed mode"/>
    <property name="java.version" value="11.0.11"/>
    <property name="java.vendor" value="Oracle Corporation"/>
    <property name="maven.home" value="C:\Program Files\JetBrains\IntelliJ IDEA Community Edition 2021.1.2\plugins\maven\lib\maven3"/>
    <property name="file.separator" value="\"/>
    <property name="java.version.date" value="2021-04-20"/>
    <property name="java.vendor.url.bug" value="https://bugreport.java.com/bugreport/"/>
    <property name="sun.io.unicode.encoding" value="UnicodeLittle"/>
    <property name="sun.cpu.endian" value="little"/>
    <property name="java.vendor.version" value="18.9"/>
    <property name="sun.desktop" value="windows"/>
    <property name="sun.cpu.isalist" value="amd64"/>
  </properties>
  <testcase classname="Ecosia tests" name="user search for apples in Home page" time="0.306">
    <error message="The step &quot;user goes to home page&quot; is undefined. You can implement it using the snippet(s) below:

@Given(&quot;user goes to home page&quot;)
public void user_goes_to_home_page() {
    // Write code here that turns the phrase above into concrete actions
    throw new io.cucumber.java.PendingException();
}


Some other steps were also undefined:

@Given(&quot;user selects the search bar&quot;)
public void user_selects_the_search_bar() {
    // Write code here that turns the phrase above into concrete actions
    throw new io.cucumber.java.PendingException();
}
@Then(&quot;user types {string} in the search bar&quot;)
public void user_types_in_the_search_bar(String string) {
    // Write code here that turns the phrase above into concrete actions
    throw new io.cucumber.java.PendingException();
}
" type="io.cucumber.junit.UndefinedStepException">io.cucumber.junit.UndefinedStepException: The step &quot;user goes to home page&quot; is undefined. You can implement it using the snippet(s) below:

@Given(&quot;user goes to home page&quot;)
public void user_goes_to_home_page() {
    // Write code here that turns the phrase above into concrete actions
    throw new io.cucumber.java.PendingException();
}


Some other steps were also undefined:

@Given(&quot;user selects the search bar&quot;)
public void user_selects_the_search_bar() {
    // Write code here that turns the phrase above into concrete actions
    throw new io.cucumber.java.PendingException();
}
@Then(&quot;user types {string} in the search bar&quot;)
public void user_types_in_the_search_bar(String string) {
    // Write code here that turns the phrase above into concrete actions
    throw new io.cucumber.java.PendingException();
}

</error>
    <system-out>
Scenario: user search for apples in Home page # src/test/features/ecosia.feature:6
  Given user goes to home page                # null
  Given user selects the search bar           # null
  Then user types &quot;Apples&quot; in the search bar  # null
</system-out>
  </testcase>
  <testcase classname="Ecosia tests" name="user is looking at cat pictures" time="0.026">
    <error message="The step &quot;user goes to home page&quot; is undefined. You can implement it using the snippet(s) below:

@Given(&quot;user goes to home page&quot;)
public void user_goes_to_home_page() {
    // Write code here that turns the phrase above into concrete actions
    throw new io.cucumber.java.PendingException();
}


Some other steps were also undefined:

@Given(&quot;user selects the search bar&quot;)
public void user_selects_the_search_bar() {
    // Write code here that turns the phrase above into concrete actions
    throw new io.cucumber.java.PendingException();
}
@Then(&quot;user types {string} in the search bar&quot;)
public void user_types_in_the_search_bar(String string) {
    // Write code here that turns the phrase above into concrete actions
    throw new io.cucumber.java.PendingException();
}
@Then(&quot;select the {string} tab&quot;)
public void select_the_tab(String string) {
    // Write code here that turns the phrase above into concrete actions
    throw new io.cucumber.java.PendingException();
}
" type="io.cucumber.junit.UndefinedStepException">io.cucumber.junit.UndefinedStepException: The step &quot;user goes to home page&quot; is undefined. You can implement it using the snippet(s) below:

@Given(&quot;user goes to home page&quot;)
public void user_goes_to_home_page() {
    // Write code here that turns the phrase above into concrete actions
    throw new io.cucumber.java.PendingException();
}


Some other steps were also undefined:

@Given(&quot;user selects the search bar&quot;)
public void user_selects_the_search_bar() {
    // Write code here that turns the phrase above into concrete actions
    throw new io.cucumber.java.PendingException();
}
@Then(&quot;user types {string} in the search bar&quot;)
public void user_types_in_the_search_bar(String string) {
    // Write code here that turns the phrase above into concrete actions
    throw new io.cucumber.java.PendingException();
}
@Then(&quot;select the {string} tab&quot;)
public void select_the_tab(String string) {
    // Write code here that turns the phrase above into concrete actions
    throw new io.cucumber.java.PendingException();
}

</error>
    <system-out>
Scenario: user is looking at cat pictures  # src/test/features/ecosia.feature:10
  Given user goes to home page             # null
  Given user selects the search bar        # null
  Then user types &quot;Cats&quot; in the search bar # null
  And select the &quot;Images&quot; tab              # null
</system-out>
  </testcase>
  <testcase classname="Ecosia tests" name="user is looking for news about potatoes" time="0.01">
    <error message="The step &quot;user goes to home page&quot; is undefined. You can implement it using the snippet(s) below:

@Given(&quot;user goes to home page&quot;)
public void user_goes_to_home_page() {
    // Write code here that turns the phrase above into concrete actions
    throw new io.cucumber.java.PendingException();
}


Some other steps were also undefined:

@Given(&quot;user selects the search bar&quot;)
public void user_selects_the_search_bar() {
    // Write code here that turns the phrase above into concrete actions
    throw new io.cucumber.java.PendingException();
}
@Then(&quot;user types {string} in the search bar&quot;)
public void user_types_in_the_search_bar(String string) {
    // Write code here that turns the phrase above into concrete actions
    throw new io.cucumber.java.PendingException();
}
@Then(&quot;select the {string} tab&quot;)
public void select_the_tab(String string) {
    // Write code here that turns the phrase above into concrete actions
    throw new io.cucumber.java.PendingException();
}
" type="io.cucumber.junit.UndefinedStepException">io.cucumber.junit.UndefinedStepException: The step &quot;user goes to home page&quot; is undefined. You can implement it using the snippet(s) below:

@Given(&quot;user goes to home page&quot;)
public void user_goes_to_home_page() {
    // Write code here that turns the phrase above into concrete actions
    throw new io.cucumber.java.PendingException();
}


Some other steps were also undefined:

@Given(&quot;user selects the search bar&quot;)
public void user_selects_the_search_bar() {
    // Write code here that turns the phrase above into concrete actions
    throw new io.cucumber.java.PendingException();
}
@Then(&quot;user types {string} in the search bar&quot;)
public void user_types_in_the_search_bar(String string) {
    // Write code here that turns the phrase above into concrete actions
    throw new io.cucumber.java.PendingException();
}
@Then(&quot;select the {string} tab&quot;)
public void select_the_tab(String string) {
    // Write code here that turns the phrase above into concrete actions
    throw new io.cucumber.java.PendingException();
}

</error>
    <system-out>
Scenario: user is looking for news about potatoes # src/test/features/ecosia.feature:15
  Given user goes to home page                    # null
  Given user selects the search bar               # null
  Then user types &quot;Potatoes&quot; in the search bar    # null
  And select the &quot;News&quot; tab                       # null
</system-out>
  </testcase>
  <testcase classname="Ecosia tests" name="user is looking for videos about water" time="0.022">
    <error message="The step &quot;user goes to home page&quot; is undefined. You can implement it using the snippet(s) below:

@Given(&quot;user goes to home page&quot;)
public void user_goes_to_home_page() {
    // Write code here that turns the phrase above into concrete actions
    throw new io.cucumber.java.PendingException();
}


Some other steps were also undefined:

@Given(&quot;user selects the search bar&quot;)
public void user_selects_the_search_bar() {
    // Write code here that turns the phrase above into concrete actions
    throw new io.cucumber.java.PendingException();
}
@Then(&quot;user types {string} in the search bar&quot;)
public void user_types_in_the_search_bar(String string) {
    // Write code here that turns the phrase above into concrete actions
    throw new io.cucumber.java.PendingException();
}
@Then(&quot;select the {string} tab&quot;)
public void select_the_tab(String string) {
    // Write code here that turns the phrase above into concrete actions
    throw new io.cucumber.java.PendingException();
}
" type="io.cucumber.junit.UndefinedStepException">io.cucumber.junit.UndefinedStepException: The step &quot;user goes to home page&quot; is undefined. You can implement it using the snippet(s) below:

@Given(&quot;user goes to home page&quot;)
public void user_goes_to_home_page() {
    // Write code here that turns the phrase above into concrete actions
    throw new io.cucumber.java.PendingException();
}


Some other steps were also undefined:

@Given(&quot;user selects the search bar&quot;)
public void user_selects_the_search_bar() {
    // Write code here that turns the phrase above into concrete actions
    throw new io.cucumber.java.PendingException();
}
@Then(&quot;user types {string} in the search bar&quot;)
public void user_types_in_the_search_bar(String string) {
    // Write code here that turns the phrase above into concrete actions
    throw new io.cucumber.java.PendingException();
}
@Then(&quot;select the {string} tab&quot;)
public void select_the_tab(String string) {
    // Write code here that turns the phrase above into concrete actions
    throw new io.cucumber.java.PendingException();
}

</error>
    <system-out>
Scenario: user is looking for videos about water # src/test/features/ecosia.feature:20
  Given user goes to home page                   # null
  Given user selects the search bar              # null
  Then user types &quot;Water&quot; in the search bar      # null
  And select the &quot;Videos&quot; tab                    # null
</system-out>
  </testcase>
  <testcase classname="Pathe tests" name="user reads the available columns #1" time="0.034">
    <error message="The step &quot;user navigates to the home page&quot; is undefined. You can implement it using the snippet(s) below:

@Given(&quot;user navigates to the home page&quot;)
public void user_navigates_to_the_home_page() {
    // Write code here that turns the phrase above into concrete actions
    throw new io.cucumber.java.PendingException();
}


Some other steps were also undefined:

@Given(&quot;user is reading column {string}&quot;)
public void user_is_reading_column(String string) {
    // Write code here that turns the phrase above into concrete actions
    throw new io.cucumber.java.PendingException();
}
" type="io.cucumber.junit.UndefinedStepException">io.cucumber.junit.UndefinedStepException: The step &quot;user navigates to the home page&quot; is undefined. You can implement it using the snippet(s) below:

@Given(&quot;user navigates to the home page&quot;)
public void user_navigates_to_the_home_page() {
    // Write code here that turns the phrase above into concrete actions
    throw new io.cucumber.java.PendingException();
}


Some other steps were also undefined:

@Given(&quot;user is reading column {string}&quot;)
public void user_is_reading_column(String string) {
    // Write code here that turns the phrase above into concrete actions
    throw new io.cucumber.java.PendingException();
}

</error>
    <system-out>
Scenario Outline: user reads the available columns # src/test/features/pathe.feature:10
  Given user navigates to the home page            # null
  Given user is reading column &quot;Films&quot;             # null
</system-out>
  </testcase>
  <testcase classname="Pathe tests" name="user reads the available columns #2" time="0.016">
    <error message="The step &quot;user navigates to the home page&quot; is undefined. You can implement it using the snippet(s) below:

@Given(&quot;user navigates to the home page&quot;)
public void user_navigates_to_the_home_page() {
    // Write code here that turns the phrase above into concrete actions
    throw new io.cucumber.java.PendingException();
}


Some other steps were also undefined:

@Given(&quot;user is reading column {string}&quot;)
public void user_is_reading_column(String string) {
    // Write code here that turns the phrase above into concrete actions
    throw new io.cucumber.java.PendingException();
}
" type="io.cucumber.junit.UndefinedStepException">io.cucumber.junit.UndefinedStepException: The step &quot;user navigates to the home page&quot; is undefined. You can implement it using the snippet(s) below:

@Given(&quot;user navigates to the home page&quot;)
public void user_navigates_to_the_home_page() {
    // Write code here that turns the phrase above into concrete actions
    throw new io.cucumber.java.PendingException();
}


Some other steps were also undefined:

@Given(&quot;user is reading column {string}&quot;)
public void user_is_reading_column(String string) {
    // Write code here that turns the phrase above into concrete actions
    throw new io.cucumber.java.PendingException();
}

</error>
    <system-out>
Scenario Outline: user reads the available columns # src/test/features/pathe.feature:11
  Given user navigates to the home page            # null
  Given user is reading column &quot;Bioscopen&quot;         # null
</system-out>
  </testcase>
  <testcase classname="Pathe tests" name="user reads the available columns #3" time="0.02">
    <error message="The step &quot;user navigates to the home page&quot; is undefined. You can implement it using the snippet(s) below:

@Given(&quot;user navigates to the home page&quot;)
public void user_navigates_to_the_home_page() {
    // Write code here that turns the phrase above into concrete actions
    throw new io.cucumber.java.PendingException();
}


Some other steps were also undefined:

@Given(&quot;user is reading column {string}&quot;)
public void user_is_reading_column(String string) {
    // Write code here that turns the phrase above into concrete actions
    throw new io.cucumber.java.PendingException();
}
" type="io.cucumber.junit.UndefinedStepException">io.cucumber.junit.UndefinedStepException: The step &quot;user navigates to the home page&quot; is undefined. You can implement it using the snippet(s) below:

@Given(&quot;user navigates to the home page&quot;)
public void user_navigates_to_the_home_page() {
    // Write code here that turns the phrase above into concrete actions
    throw new io.cucumber.java.PendingException();
}


Some other steps were also undefined:

@Given(&quot;user is reading column {string}&quot;)
public void user_is_reading_column(String string) {
    // Write code here that turns the phrase above into concrete actions
    throw new io.cucumber.java.PendingException();
}

</error>
    <system-out>
Scenario Outline: user reads the available columns # src/test/features/pathe.feature:12
  Given user navigates to the home page            # null
  Given user is reading column &quot;Events&quot;            # null
</system-out>
  </testcase>
  <testcase classname="Pathe tests" name="user reads the available columns #4" time="0.017">
    <error message="The step &quot;user navigates to the home page&quot; is undefined. You can implement it using the snippet(s) below:

@Given(&quot;user navigates to the home page&quot;)
public void user_navigates_to_the_home_page() {
    // Write code here that turns the phrase above into concrete actions
    throw new io.cucumber.java.PendingException();
}


Some other steps were also undefined:

@Given(&quot;user is reading column {string}&quot;)
public void user_is_reading_column(String string) {
    // Write code here that turns the phrase above into concrete actions
    throw new io.cucumber.java.PendingException();
}
" type="io.cucumber.junit.UndefinedStepException">io.cucumber.junit.UndefinedStepException: The step &quot;user navigates to the home page&quot; is undefined. You can implement it using the snippet(s) below:

@Given(&quot;user navigates to the home page&quot;)
public void user_navigates_to_the_home_page() {
    // Write code here that turns the phrase above into concrete actions
    throw new io.cucumber.java.PendingException();
}


Some other steps were also undefined:

@Given(&quot;user is reading column {string}&quot;)
public void user_is_reading_column(String string) {
    // Write code here that turns the phrase above into concrete actions
    throw new io.cucumber.java.PendingException();
}

</error>
    <system-out>
Scenario Outline: user reads the available columns # src/test/features/pathe.feature:13
  Given user navigates to the home page            # null
  Given user is reading column &quot;Pathé All Stars&quot;   # null
</system-out>
  </testcase>
  <testcase classname="Pathe tests" name="user reads the available columns #5" time="0.015">
    <error message="The step &quot;user navigates to the home page&quot; is undefined. You can implement it using the snippet(s) below:

@Given(&quot;user navigates to the home page&quot;)
public void user_navigates_to_the_home_page() {
    // Write code here that turns the phrase above into concrete actions
    throw new io.cucumber.java.PendingException();
}


Some other steps were also undefined:

@Given(&quot;user is reading column {string}&quot;)
public void user_is_reading_column(String string) {
    // Write code here that turns the phrase above into concrete actions
    throw new io.cucumber.java.PendingException();
}
" type="io.cucumber.junit.UndefinedStepException">io.cucumber.junit.UndefinedStepException: The step &quot;user navigates to the home page&quot; is undefined. You can implement it using the snippet(s) below:

@Given(&quot;user navigates to the home page&quot;)
public void user_navigates_to_the_home_page() {
    // Write code here that turns the phrase above into concrete actions
    throw new io.cucumber.java.PendingException();
}


Some other steps were also undefined:

@Given(&quot;user is reading column {string}&quot;)
public void user_is_reading_column(String string) {
    // Write code here that turns the phrase above into concrete actions
    throw new io.cucumber.java.PendingException();
}

</error>
    <system-out>
Scenario Outline: user reads the available columns # src/test/features/pathe.feature:14
  Given user navigates to the home page            # null
  Given user is reading column &quot;Pathé Unlimited&quot;   # null
</system-out>
  </testcase>
</testsuite>